#
# A fatal error has been detected by the Java Runtime Environment:
#
#  SIGSEGV (0xb) at pc=0x0000000130f8c85e, pid=1121, tid=0x000000000001fd7f
#
# JRE version: Java(TM) SE Runtime Environment (8.0_121-b13) (build 1.8.0_121-b13)
# Java VM: Java HotSpot(TM) 64-Bit Server VM (25.121-b13 mixed mode bsd-amd64 compressed oops)
# Problematic frame:
# C  [libjfxmedia_avf.dylib+0x785e]  AVFKernelComponent::ProcessBufferLists(unsigned int&, AudioBufferList const&, AudioBufferList&, unsigned int)+0x22
#
# Failed to write core dump. Core dumps have been disabled. To enable core dumping, try "ulimit -c unlimited" before starting Java again
#
# If you would like to submit a bug report, please visit:
#   http://bugreport.java.com/bugreport/crash.jsp
#

---------------  T H R E A D  ---------------

Current thread is native thread

siginfo: si_signo: 11 (SIGSEGV), si_code: 1 (SEGV_MAPERR), si_addr: 0x000000000000004f

Registers:
RAX=0x0000000000000027, RBX=0x000070001208ea44, RCX=0x00007f9f80f03dd0, RDX=0x00007f9f80f03e00
RSP=0x000070001208e790, RBP=0x000070001208e790, RSI=0x000070001208ea44, RDI=0x00007f9f80c8dae0
R8 =0x0000000000001000, R9 =0x000070001208e5a7, R10=0x0000000130fa7290, R11=0xffffffffffffffd0
R12=0x00007f9f80f036a0, R13=0x00007f9f80f03e00, R14=0x0000000130f8c83c, R15=0x0000000000001000
RIP=0x0000000130f8c85e, EFLAGS=0x0000000000010202, ERR=0x0000000000000004
  TRAPNO=0x000000000000000e

Top of Stack: (sp=0x000070001208e790)
0x000070001208e790:   000070001208e7f0 0000000130f95ab2
0x000070001208e7a0:   000070001208e7e8 000070001208ea44
0x000070001208e7b0:   000070001208e7d0 00007fff361a3fe3
0x000070001208e7c0:   000070001208e820 000070001208ea44
0x000070001208e7d0:   00007f9f80f036a0 00007f9f80f03a10
0x000070001208e7e0:   00007f9f80f046a0 0000000000001000
0x000070001208e7f0:   000070001208e840 0000000130f90369
0x000070001208e800:   00007fff913dc1e0 000070001208ea68
0x000070001208e810:   000000001208e840 0000000000009fe0
0x000070001208e820:   00007f9f80f03a10 00000000ffffffce
0x000070001208e830:   0000000000001000 00007f9f80f036a0
0x000070001208e840:   000070001208e8b0 0000000130f8e9a1
0x000070001208e850:   00007f9f80f046a0 00009fe03613d854
0x000070001208e860:   000070001208ea44 000070001208ea68
0x000070001208e870:   000000001208e8d0 00007f9f80f046a0
0x000070001208e880:   00009fe000000000 00000000ffffffce
0x000070001208e890:   000070001208ea44 0000000000000000
0x000070001208e8a0:   0000000000001000 000070001208ea68
0x000070001208e8b0:   000070001208e8d0 0000000130f92996
0x000070001208e8c0:   0000000130f92968 00007f9f80f03ed0
0x000070001208e8d0:   000070001208e910 0000000130f91777
0x000070001208e8e0:   00007f9f80f03ed0 000070001208ea68
0x000070001208e8f0:   00007f9f80f04100 00000000ffffd584
0x000070001208e900:   000070001208ea44 0000000000001000
0x000070001208e910:   000070001208e970 0000000130f958f0
0x000070001208e920:   000070001208e968 00007f9f80e0c300
0x000070001208e930:   000070001208e950 00007fff361a3fe3
0x000070001208e940:   000070001208e9a0 000070001208ea44
0x000070001208e950:   00007f9f80f04100 00007f9f80f042e0
0x000070001208e960:   00007f9f80c84b48 0000000000001000
0x000070001208e970:   000070001208e9c0 0000000130f90369
0x000070001208e980:   00007fff913dc1e0 000070001208ea68 

Instructions: (pc=0x0000000130f8c85e)
0x0000000130f8c83e:   89 e5 80 bf d0 01 00 00 00 74 06 5d e9 bf 92 00
0x0000000130f8c84e:   00 48 8b bf d8 01 00 00 48 85 ff 74 0a 48 8b 07
0x0000000130f8c85e:   48 8b 40 28 5d ff e0 31 c0 5d c3 90 55 48 89 e5
0x0000000130f8c86e:   41 57 41 56 41 55 41 54 53 50 4d 89 c6 41 89 d5 

Register to memory mapping:

RAX=0x0000000000000027 is an unknown value
RBX=0x000070001208ea44 is an unknown value
RCX=0x00007f9f80f03dd0 is an unknown value
RDX=0x00007f9f80f03e00 is an unknown value
RSP=0x000070001208e790 is an unknown value
RBP=0x000070001208e790 is an unknown value
RSI=0x000070001208ea44 is an unknown value
RDI=0x00007f9f80c8dae0 is an unknown value
R8 =0x0000000000001000 is an unknown value
R9 =0x000070001208e5a7 is an unknown value
R10=0x0000000130fa7290: _ZTV18AVFEqualizerKernel+0x10 in /Library/Java/JavaVirtualMachines/jdk1.8.0_121.jdk/Contents/Home/jre/lib/libjfxmedia_avf.dylib at 0x0000000130f85000
R11=0xffffffffffffffd0 is an unknown value
R12=0x00007f9f80f036a0 is an unknown value
R13=0x00007f9f80f03e00 is an unknown value
R14=0x0000000130f8c83c: _ZN18AVFKernelComponent18ProcessBufferListsERjRK15AudioBufferListRS1_j+0 in /Library/Java/JavaVirtualMachines/jdk1.8.0_121.jdk/Contents/Home/jre/lib/libjfxmedia_avf.dylib at 0x0000000130f85000
R15=0x0000000000001000 is an unknown value


Stack: [0x000070001200f000,0x000070001208f000],  sp=0x000070001208e790,  free space=509k
Native frames: (J=compiled Java code, j=interpreted, Vv=VM code, C=native code)
C  [libjfxmedia_avf.dylib+0x785e]  AVFKernelComponent::ProcessBufferLists(unsigned int&, AudioBufferList const&, AudioBufferList&, unsigned int)+0x22
C  [libjfxmedia_avf.dylib+0x10ab2]  AUEffectBase::Render(unsigned int&, AudioTimeStamp const&, unsigned int)+0x240
C  [libjfxmedia_avf.dylib+0xb369]  AUBase::DoRenderBus(unsigned int&, AudioTimeStamp const&, unsigned int, AUOutputElement*, unsigned int, AudioBufferList&)+0xa9
C  [libjfxmedia_avf.dylib+0x99a1]  AUBase::DoRender(unsigned int&, AudioTimeStamp const&, unsigned int, unsigned int, AudioBufferList&)+0x1b9
C  [libjfxmedia_avf.dylib+0xd996]  AUMethodRender(void*, unsigned int*, AudioTimeStamp const*, unsigned int, unsigned int, AudioBufferList*)+0x2e
C  [libjfxmedia_avf.dylib+0xc777]  AUInputElement::PullInput(unsigned int&, AudioTimeStamp const&, unsigned int, unsigned int)+0x8d
C  [libjfxmedia_avf.dylib+0x108f0]  AUEffectBase::Render(unsigned int&, AudioTimeStamp const&, unsigned int)+0x7e
C  [libjfxmedia_avf.dylib+0xb369]  AUBase::DoRenderBus(unsigned int&, AudioTimeStamp const&, unsigned int, AUOutputElement*, unsigned int, AudioBufferList&)+0xa9
C  [libjfxmedia_avf.dylib+0x99a1]  AUBase::DoRender(unsigned int&, AudioTimeStamp const&, unsigned int, unsigned int, AudioBufferList&)+0x1b9
C  [libjfxmedia_avf.dylib+0xd996]  AUMethodRender(void*, unsigned int*, AudioTimeStamp const*, unsigned int, unsigned int, AudioBufferList*)+0x2e
C  [libjfxmedia_avf.dylib+0x54b1]  ProcessAudioTap(void const*, long, unsigned int, AudioBufferList*, long*, unsigned int*)+0x63
C  [MediaToolbox+0x426178]  MTAudioProcessingTapGetSourceAudio+0x7f7
C  [AudioToolbox+0x11845e]  AQClientCallProcessingTap(void*, unsigned int, AudioTimeStamp*, unsigned int*, unsigned int*, AudioBufferList*, int, double, unsigned int, double, unsigned int, unsigned char const*, unsigned int)+0x5d
C  [AudioToolbox+0x1be551]  AQProcessingTap::DoCallout(unsigned int&, AudioTimeStamp&, unsigned int&, AudioBufferList&, unsigned int)+0xbf
C  [AudioToolbox+0x1be375]  AudioQueueObject::PerformTapInternal(AudioTimeStamp&, unsigned int&, unsigned int&, unsigned int)+0x8b
C  [AudioToolbox+0x1be276]  AudioQueueObject::PerformProcessingTap(int (*)(void*, unsigned int&, AudioTimeStamp const&, unsigned int, AudioBufferList&, double&, unsigned int&), void*, AudioTimeStamp&, unsigned int&, AudioBufferList&, unsigned int&, unsigned int)+0xce
C  [AudioToolbox+0x1ca3a5]  MEMixerChannel::TapDownstream(void*, unsigned int*, AudioTimeStamp const*, unsigned int, unsigned int, AudioBufferList*)+0x81
C  [CoreAudio+0x125469]  AUInputElement::PullInput(unsigned int&, AudioTimeStamp const&, unsigned int, unsigned int)+0xb9
C  [CoreAudio+0x66394]  AUDeferredRenderer::Produce()+0x23c
C  [CoreAudio+0x66114]  AUDeferredRenderer::ProducerThreadProc()+0x70
C  [CoreAudio+0x65865]  AUDeferredRenderer::ProducerThreadProc(void*)+0x1f
C  [CoreAudio+0x142a09]  CAPThread::Entry(CAPThread*)+0x4d
C  [libsystem_pthread.dylib+0x36c1]  _pthread_body+0x154
C  [libsystem_pthread.dylib+0x356d]  _pthread_body+0x0
C  [libsystem_pthread.dylib+0x2c5d]  thread_start+0xd


---------------  P R O C E S S  ---------------

VM state:not at safepoint (normal execution)

VM Mutex/Monitor currently owned by a thread: None

Heap:
 PSYoungGen      total 514560K, used 70032K [0x000000076ab00000, 0x000000078d000000, 0x00000007c0000000)
  eden space 477184K, 8% used [0x000000076ab00000,0x000000076d0aa900,0x0000000787d00000)
  from space 37376K, 84% used [0x000000078a700000,0x000000078c5b9a88,0x000000078cb80000)
  to   space 42496K, 0% used [0x0000000787d00000,0x0000000787d00000,0x000000078a680000)
 ParOldGen       total 123904K, used 22997K [0x00000006c0000000, 0x00000006c7900000, 0x000000076ab00000)
  object space 123904K, 18% used [0x00000006c0000000,0x00000006c1675480,0x00000006c7900000)
 Metaspace       used 28012K, capacity 29078K, committed 29312K, reserved 1075200K
  class space    used 3656K, capacity 3885K, committed 3968K, reserved 1048576K

Card table byte_map: [0x000000010a9a2000,0x000000010b1a3000] byte_map_base: 0x00000001073a2000

Marking Bits: (ParMarkBitMap*) 0x0000000109ef0d30
 Begin Bits: [0x000000011d29b000, 0x000000012129b000)
 End Bits:   [0x000000012129b000, 0x000000012529b000)

Polling page: 0x0000000108d73000

CodeCache: size=245760Kb used=13295Kb max_used=13328Kb free=232464Kb
 bounds [0x000000010e29b000, 0x000000010efbb000, 0x000000011d29b000]
 total_blobs=5275 nmethods=4384 adapters=803
 compilation: enabled

Compilation events (10 events):
Event: 29.679 Thread 0x00007f9f7b826800 nmethod 4963 0x000000010e892a50 code [0x000000010e892ba0, 0x000000010e892c90]
Event: 29.686 Thread 0x00007f9f7b826800 4964       3       java.util.ArrayList$ListItr::<init> (17 bytes)
Event: 29.687 Thread 0x00007f9f7b826800 nmethod 4964 0x000000010e892490 code [0x000000010e892600, 0x000000010e8928b0]
Event: 29.695 Thread 0x00007f9f7b826800 4965       1       com.sun.webkit.network.Cookie::getPath (5 bytes)
Event: 29.695 Thread 0x00007f9f7b826800 nmethod 4965 0x000000010ef95910 code [0x000000010ef95a60, 0x000000010ef95b70]
Event: 29.697 Thread 0x00007f9f7b826800 4966       3       sun.net.www.ParseUtil::appendFragment (27 bytes)
Event: 29.698 Thread 0x00007f9f7b826800 nmethod 4966 0x000000010ef99c10 code [0x000000010ef99e00, 0x000000010ef9a958]
Event: 29.702 Thread 0x00007f9f7b826800 4967       1       java.awt.Component::isPreferredSizeSet (5 bytes)
Event: 29.702 Thread 0x00007f9f7b826800 nmethod 4967 0x000000010ef95650 code [0x000000010ef957a0, 0x000000010ef958b0]
Event: 29.716 Thread 0x00007f9f7c80b800 nmethod 4950 0x000000010efa3610 code [0x000000010efa3c00, 0x000000010efa9470]

GC Heap History (10 events):
Event: 7.206 GC heap before
{Heap before GC invocations=5 (full 1):
 PSYoungGen      total 76288K, used 67599K [0x000000076ab00000, 0x0000000773e00000, 0x00000007c0000000)
  eden space 65536K, 99% used [0x000000076ab00000,0x000000076eae3118,0x000000076eb00000)
  from space 10752K, 20% used [0x000000076eb00000,0x000000076ed20de0,0x000000076f580000)
  to   space 10752K, 0% used [0x0000000773380000,0x0000000773380000,0x0000000773e00000)
 ParOldGen       total 123904K, used 22560K [0x00000006c0000000, 0x00000006c7900000, 0x000000076ab00000)
  object space 123904K, 18% used [0x00000006c0000000,0x00000006c16080e8,0x00000006c7900000)
 Metaspace       used 21184K, capacity 22016K, committed 22272K, reserved 1069056K
  class space    used 3028K, capacity 3214K, committed 3328K, reserved 1048576K
Event: 7.210 GC heap after
Heap after GC invocations=5 (full 1):
 PSYoungGen      total 139776K, used 2123K [0x000000076ab00000, 0x0000000773e00000, 0x00000007c0000000)
  eden space 129024K, 0% used [0x000000076ab00000,0x000000076ab00000,0x0000000772900000)
  from space 10752K, 19% used [0x0000000773380000,0x0000000773592eb8,0x0000000773e00000)
  to   space 10752K, 0% used [0x0000000772900000,0x0000000772900000,0x0000000773380000)
 ParOldGen       total 123904K, used 22560K [0x00000006c0000000, 0x00000006c7900000, 0x000000076ab00000)
  object space 123904K, 18% used [0x00000006c0000000,0x00000006c16080e8,0x00000006c7900000)
 Metaspace       used 21184K, capacity 22016K, committed 22272K, reserved 1069056K
  class space    used 3028K, capacity 3214K, committed 3328K, reserved 1048576K
}
Event: 7.248 GC heap before
{Heap before GC invocations=6 (full 1):
 PSYoungGen      total 139776K, used 131143K [0x000000076ab00000, 0x0000000773e00000, 0x00000007c0000000)
  eden space 129024K, 99% used [0x000000076ab00000,0x00000007728ff0c0,0x0000000772900000)
  from space 10752K, 19% used [0x0000000773380000,0x0000000773592eb8,0x0000000773e00000)
  to   space 10752K, 0% used [0x0000000772900000,0x0000000772900000,0x0000000773380000)
 ParOldGen       total 123904K, used 22560K [0x00000006c0000000, 0x00000006c7900000, 0x000000076ab00000)
  object space 123904K, 18% used [0x00000006c0000000,0x00000006c16080e8,0x00000006c7900000)
 Metaspace       used 21184K, capacity 22016K, committed 22272K, reserved 1069056K
  class space    used 3028K, capacity 3214K, committed 3328K, reserved 1048576K
Event: 7.250 GC heap after
Heap after GC invocations=6 (full 1):
 PSYoungGen      total 139776K, used 2229K [0x000000076ab00000, 0x000000077f980000, 0x00000007c0000000)
  eden space 129024K, 0% used [0x000000076ab00000,0x000000076ab00000,0x0000000772900000)
  from space 10752K, 20% used [0x0000000772900000,0x0000000772b2d680,0x0000000773380000)
  to   space 45056K, 0% used [0x000000077cd80000,0x000000077cd80000,0x000000077f980000)
 ParOldGen       total 123904K, used 22568K [0x00000006c0000000, 0x00000006c7900000, 0x000000076ab00000)
  object space 123904K, 18% used [0x00000006c0000000,0x00000006c160a0e8,0x00000006c7900000)
 Metaspace       used 21184K, capacity 22016K, committed 22272K, reserved 1069056K
  class space    used 3028K, capacity 3214K, committed 3328K, reserved 1048576K
}
Event: 14.671 GC heap before
{Heap before GC invocations=7 (full 1):
 PSYoungGen      total 139776K, used 131253K [0x000000076ab00000, 0x000000077f980000, 0x00000007c0000000)
  eden space 129024K, 100% used [0x000000076ab00000,0x0000000772900000,0x0000000772900000)
  from space 10752K, 20% used [0x0000000772900000,0x0000000772b2d680,0x0000000773380000)
  to   space 45056K, 0% used [0x000000077cd80000,0x000000077cd80000,0x000000077f980000)
 ParOldGen       total 123904K, used 22568K [0x00000006c0000000, 0x00000006c7900000, 0x000000076ab00000)
  object space 123904K, 18% used [0x00000006c0000000,0x00000006c160a0e8,0x00000006c7900000)
 Metaspace       used 26004K, capacity 26964K, committed 27008K, reserved 1073152K
  class space    used 3492K, capacity 3686K, committed 3712K, reserved 1048576K
Event: 14.682 GC heap after
Heap after GC invocations=7 (full 1):
 PSYoungGen      total 286208K, used 9194K [0x000000076ab00000, 0x000000077f000000, 0x00000007c0000000)
  eden space 250880K, 0% used [0x000000076ab00000,0x000000076ab00000,0x000000077a000000)
  from space 35328K, 26% used [0x000000077cd80000,0x000000077d67a898,0x000000077f000000)
  to   space 40960K, 0% used [0x000000077a000000,0x000000077a000000,0x000000077c800000)
 ParOldGen       total 123904K, used 22576K [0x00000006c0000000, 0x00000006c7900000, 0x000000076ab00000)
  object space 123904K, 18% used [0x00000006c0000000,0x00000006c160c0e8,0x00000006c7900000)
 Metaspace       used 26004K, capacity 26964K, committed 27008K, reserved 1073152K
  class space    used 3492K, capacity 3686K, committed 3712K, reserved 1048576K
}
Event: 21.268 GC heap before
{Heap before GC invocations=8 (full 1):
 PSYoungGen      total 286208K, used 260074K [0x000000076ab00000, 0x000000077f000000, 0x00000007c0000000)
  eden space 250880K, 100% used [0x000000076ab00000,0x000000077a000000,0x000000077a000000)
  from space 35328K, 26% used [0x000000077cd80000,0x000000077d67a898,0x000000077f000000)
  to   space 40960K, 0% used [0x000000077a000000,0x000000077a000000,0x000000077c800000)
 ParOldGen       total 123904K, used 22576K [0x00000006c0000000, 0x00000006c7900000, 0x000000076ab00000)
  object space 123904K, 18% used [0x00000006c0000000,0x00000006c160c0e8,0x00000006c7900000)
 Metaspace       used 27710K, capacity 28754K, committed 29056K, reserved 1075200K
  class space    used 3640K, capacity 3871K, committed 3968K, reserved 1048576K
Event: 21.281 GC heap after
Heap after GC invocations=8 (full 1):
 PSYoungGen      total 291840K, used 11772K [0x000000076ab00000, 0x000000078cb80000, 0x00000007c0000000)
  eden space 250880K, 0% used [0x000000076ab00000,0x000000076ab00000,0x000000077a000000)
  from space 40960K, 28% used [0x000000077a000000,0x000000077ab7f1c8,0x000000077c800000)
  to   space 37376K, 0% used [0x000000078a700000,0x000000078a700000,0x000000078cb80000)
 ParOldGen       total 123904K, used 22584K [0x00000006c0000000, 0x00000006c7900000, 0x000000076ab00000)
  object space 123904K, 18% used [0x00000006c0000000,0x00000006c160e0e8,0x00000006c7900000)
 Metaspace       used 27710K, capacity 28754K, committed 29056K, reserved 1075200K
  class space    used 3640K, capacity 3871K, committed 3968K, reserved 1048576K
}
Event: 29.621 GC heap before
{Heap before GC invocations=9 (full 1):
 PSYoungGen      total 291840K, used 257511K [0x000000076ab00000, 0x000000078cb80000, 0x00000007c0000000)
  eden space 250880K, 97% used [0x000000076ab00000,0x0000000779afac00,0x000000077a000000)
  from space 40960K, 28% used [0x000000077a000000,0x000000077ab7f1c8,0x000000077c800000)
  to   space 37376K, 0% used [0x000000078a700000,0x000000078a700000,0x000000078cb80000)
 ParOldGen       total 123904K, used 22584K [0x00000006c0000000, 0x00000006c7900000, 0x000000076ab00000)
  object space 123904K, 18% used [0x00000006c0000000,0x00000006c160e0e8,0x00000006c7900000)
 Metaspace       used 28010K, capacity 29078K, committed 29312K, reserved 1075200K
  class space    used 3656K, capacity 3885K, committed 3968K, reserved 1048576K
Event: 29.660 GC heap after
Heap after GC invocations=9 (full 1):
 PSYoungGen      total 514560K, used 31462K [0x000000076ab00000, 0x000000078d000000, 0x00000007c0000000)
  eden space 477184K, 0% used [0x000000076ab00000,0x000000076ab00000,0x0000000787d00000)
  from space 37376K, 84% used [0x000000078a700000,0x000000078c5b9a88,0x000000078cb80000)
  to   space 42496K, 0% used [0x0000000787d00000,0x0000000787d00000,0x000000078a680000)
 ParOldGen       total 123904K, used 22997K [0x00000006c0000000, 0x00000006c7900000, 0x000000076ab00000)
  object space 123904K, 18% used [0x00000006c0000000,0x00000006c1675480,0x00000006c7900000)
 Metaspace       used 28010K, capacity 29078K, committed 29312K, reserved 1075200K
  class space    used 3656K, capacity 3885K, committed 3968K, reserved 1048576K
}

Deoptimization events (10 events):
Event: 18.300 Thread 0x00007f9f7c49b000 Uncommon trap: reason=unstable_if action=reinterpret pc=0x000000010e3a8a64 method=java.util.concurrent.locks.ReentrantLock$Sync.tryRelease(I)Z @ 28
Event: 18.644 Thread 0x00007f9f7c0f7800 Uncommon trap: reason=unstable_if action=reinterpret pc=0x000000010ee5d350 method=com.sun.javafx.iio.png.PNGIDATChunkInputStream.read([BII)I @ 39
Event: 18.774 Thread 0x00007f9f7c0f7800 Uncommon trap: reason=unstable_if action=reinterpret pc=0x000000010e48e464 method=com.sun.javafx.font.CMap$CMapFormat4.getGlyph(I)C @ 108
Event: 18.774 Thread 0x00007f9f7c0f7800 Uncommon trap: reason=unstable_if action=reinterpret pc=0x000000010e9bff94 method=com.sun.javafx.font.CMap$CMapFormat4.getGlyph(I)C @ 108
Event: 19.898 Thread 0x00007f9f7c9a7800 Uncommon trap: reason=predicate action=maybe_recompile pc=0x000000010ed9464c method=com.sun.prism.impl.GlyphCache.render(Lcom/sun/prism/impl/BaseContext;Lcom/sun/javafx/scene/text/GlyphList;FFIILcom/sun/prism/paint/Color;Lcom/sun/prism/paint/Color;Lcom/su
Event: 19.999 Thread 0x00007f9f7c9a7800 Uncommon trap: reason=unstable_if action=reinterpret pc=0x000000010eca5db8 method=com.sun.prism.es2.ES2Texture.update(Ljava/nio/Buffer;Lcom/sun/prism/PixelFormat;IIIIIIIZ)V @ 21
Event: 21.102 Thread 0x00007f9f7bbeb000 Uncommon trap: reason=unstable_if action=reinterpret pc=0x000000010e3c5e00 method=java.util.concurrent.ConcurrentHashMap.putVal(Ljava/lang/Object;Ljava/lang/Object;Z)Ljava/lang/Object; @ 98
Event: 21.909 Thread 0x00007f9f7bcd0000 Uncommon trap: reason=unstable_if action=reinterpret pc=0x000000010eadd67c method=jdk.internal.org.objectweb.asm.Item.isEqualTo(Ljdk/internal/org/objectweb/asm/Item;)Z @ 331
Event: 26.593 Thread 0x00007f9f7c24d800 Uncommon trap: reason=unstable_if action=reinterpret pc=0x000000010ebf686c method=java.awt.Component.inside(II)Z @ 9
Event: 28.789 Thread 0x00007f9f7c48e000 Uncommon trap: reason=predicate action=maybe_recompile pc=0x000000010e712c38 method=java.util.regex.Pattern$SliceI.match(Ljava/util/regex/Matcher;ILjava/lang/CharSequence;)Z @ 21

Internal exceptions (10 events):
Event: 14.555 Thread 0x00007f9f7c0f7800 Exception <a 'java/io/IOException': Improper call to JPEG library in state 200> (0x00000007726f7218) thrown at [/Users/java_re/workspace/8-2-build-macosx-x86_64/jdk8u121/8372/hotspot/src/share/vm/prims/jni.cpp, line 735]
Event: 14.555 Thread 0x00007f9f7c0f7800 Exception <a 'java/io/IOException': Improper call to JPEG library in state 200> (0x00000007726fe9b8) thrown at [/Users/java_re/workspace/8-2-build-macosx-x86_64/jdk8u121/8372/hotspot/src/share/vm/prims/jni.cpp, line 735]
Event: 14.555 Thread 0x00007f9f7c0f7800 Exception <a 'java/io/IOException': Improper call to JPEG library in state 200> (0x0000000772702790) thrown at [/Users/java_re/workspace/8-2-build-macosx-x86_64/jdk8u121/8372/hotspot/src/share/vm/prims/jni.cpp, line 735]
Event: 14.555 Thread 0x00007f9f7c0f7800 Exception <a 'java/io/IOException': Improper call to JPEG library in state 200> (0x000000077270e118) thrown at [/Users/java_re/workspace/8-2-build-macosx-x86_64/jdk8u121/8372/hotspot/src/share/vm/prims/jni.cpp, line 735]
Event: 18.298 Thread 0x00007f9f7c49b000 Implicit null exception at 0x000000010ee49438 to 0x000000010ee49575
Event: 19.077 Thread 0x00007f9f7c0f7800 Exception <a 'java/io/IOException': Improper call to JPEG library in state 200> (0x0000000777135a40) thrown at [/Users/java_re/workspace/8-2-build-macosx-x86_64/jdk8u121/8372/hotspot/src/share/vm/prims/jni.cpp, line 735]
Event: 19.077 Thread 0x00007f9f7c0f7800 Exception <a 'java/io/IOException': Improper call to JPEG library in state 200> (0x00000007771391d0) thrown at [/Users/java_re/workspace/8-2-build-macosx-x86_64/jdk8u121/8372/hotspot/src/share/vm/prims/jni.cpp, line 735]
Event: 19.077 Thread 0x00007f9f7c0f7800 Exception <a 'java/io/IOException': Improper call to JPEG library in state 200> (0x0000000777140970) thrown at [/Users/java_re/workspace/8-2-build-macosx-x86_64/jdk8u121/8372/hotspot/src/share/vm/prims/jni.cpp, line 735]
Event: 19.077 Thread 0x00007f9f7c0f7800 Exception <a 'java/io/IOException': Improper call to JPEG library in state 200> (0x0000000777144148) thrown at [/Users/java_re/workspace/8-2-build-macosx-x86_64/jdk8u121/8372/hotspot/src/share/vm/prims/jni.cpp, line 735]
Event: 19.547 Thread 0x00007f9f7d411800 Exception <a 'sun/nio/fs/UnixException'> (0x000000077726f6d8) thrown at [/Users/java_re/workspace/8-2-build-macosx-x86_64/jdk8u121/8372/hotspot/src/share/vm/prims/jni.cpp, line 709]

Events (10 events):
Event: 29.678 Thread 0x00007f9f7cc10800 Thread exited: 0x00007f9f7cc10800
Event: 29.679 Thread 0x00007f9f7beb4800 Thread added: 0x00007f9f7beb4800
Event: 29.680 Thread 0x00007f9f7beb4800 Thread exited: 0x00007f9f7beb4800
Event: 29.683 Executing VM operation: RevokeBias
Event: 29.683 Executing VM operation: RevokeBias done
Event: 29.683 Thread 0x00007f9f7c506000 Thread exited: 0x00007f9f7c506000
Event: 29.686 Executing VM operation: RevokeBias
Event: 29.686 Executing VM operation: RevokeBias done
Event: 29.686 Thread 0x00007f9f7bcd0000 Thread exited: 0x00007f9f7bcd0000
Event: 29.696 Thread 0x00007f9f7c506000 Thread added: 0x00007f9f7c506000


Dynamic libraries:
0x000000000fbcc000 	/System/Library/Frameworks/Cocoa.framework/Versions/A/Cocoa
0x000000000fbcc000 	/System/Library/Frameworks/Security.framework/Versions/A/Security
0x000000000fbcc000 	/System/Library/Frameworks/ApplicationServices.framework/Versions/A/ApplicationServices
0x000000000fbcc000 	/usr/lib/libz.1.dylib
0x000000000fbcc000 	/usr/lib/libSystem.B.dylib
0x000000000fbcc000 	/usr/lib/libobjc.A.dylib
0x000000000fbcc000 	/System/Library/Frameworks/CoreFoundation.framework/Versions/A/CoreFoundation
0x000000000fbcc000 	/System/Library/Frameworks/Foundation.framework/Versions/C/Foundation
0x000000000fbcc000 	/System/Library/Frameworks/AppKit.framework/Versions/C/AppKit
0x000000000fbcc000 	/System/Library/Frameworks/CoreData.framework/Versions/A/CoreData
0x000000000fbcc000 	/System/Library/PrivateFrameworks/RemoteViewServices.framework/Versions/A/RemoteViewServices
0x000000000fbcc000 	/System/Library/PrivateFrameworks/UIFoundation.framework/Versions/A/UIFoundation
0x000000000fbcc000 	/System/Library/PrivateFrameworks/DFRFoundation.framework/Versions/A/DFRFoundation
0x000000000fbcc000 	/System/Library/Frameworks/Metal.framework/Versions/A/Metal
0x000000000fbcc000 	/System/Library/PrivateFrameworks/DesktopServicesPriv.framework/Versions/A/DesktopServicesPriv
0x000000000fbcc000 	/usr/lib/libenergytrace.dylib
0x000000000fbcc000 	/System/Library/PrivateFrameworks/SkyLight.framework/Versions/A/SkyLight
0x000000000fbcc000 	/System/Library/Frameworks/CoreGraphics.framework/Versions/A/CoreGraphics
0x000000000fbcc000 	/usr/lib/libScreenReader.dylib
0x000000000fbcc000 	/System/Library/Frameworks/Accelerate.framework/Versions/A/Accelerate
0x000000000fbcc000 	/System/Library/Frameworks/IOSurface.framework/Versions/A/IOSurface
0x000000000fbcc000 	/System/Library/Frameworks/AudioToolbox.framework/Versions/A/AudioToolbox
0x000000000fbcc000 	/System/Library/Frameworks/AudioUnit.framework/Versions/A/AudioUnit
0x000000000fbcc000 	/System/Library/PrivateFrameworks/DataDetectorsCore.framework/Versions/A/DataDetectorsCore
0x000000000fbcc000 	/System/Library/Frameworks/Carbon.framework/Versions/A/Frameworks/HIToolbox.framework/Versions/A/HIToolbox
0x000000000fbcc000 	/usr/lib/libicucore.A.dylib
0x000000000fbcc000 	/System/Library/Frameworks/QuartzCore.framework/Versions/A/QuartzCore
0x000000000fbcc000 	/System/Library/Frameworks/Carbon.framework/Versions/A/Frameworks/SpeechRecognition.framework/Versions/A/SpeechRecognition
0x000000000fbcc000 	/usr/lib/libauto.dylib
0x000000000fbcc000 	/usr/lib/libxml2.2.dylib
0x000000000fbcc000 	/System/Library/PrivateFrameworks/CoreUI.framework/Versions/A/CoreUI
0x000000000fbcc000 	/System/Library/Frameworks/CoreAudio.framework/Versions/A/CoreAudio
0x000000000fbcc000 	/System/Library/Frameworks/DiskArbitration.framework/Versions/A/DiskArbitration
0x000000000fbcc000 	/usr/lib/liblangid.dylib
0x000000000fbcc000 	/System/Library/PrivateFrameworks/MultitouchSupport.framework/Versions/A/MultitouchSupport
0x000000000fbcc000 	/System/Library/Frameworks/IOKit.framework/Versions/A/IOKit
0x000000000fbcc000 	/usr/lib/libDiagnosticMessagesClient.dylib
0x000000000fbcc000 	/System/Library/Frameworks/CoreServices.framework/Versions/A/CoreServices
0x000000000fbcc000 	/System/Library/PrivateFrameworks/PerformanceAnalysis.framework/Versions/A/PerformanceAnalysis
0x000000000fbcc000 	/System/Library/Frameworks/OpenGL.framework/Versions/A/OpenGL
0x000000000fbcc000 	/System/Library/Frameworks/ColorSync.framework/Versions/A/ColorSync
0x000000000fbcc000 	/System/Library/Frameworks/CoreImage.framework/Versions/A/CoreImage
0x000000000fbcc000 	/System/Library/Frameworks/CoreText.framework/Versions/A/CoreText
0x000000000fbcc000 	/System/Library/Frameworks/ImageIO.framework/Versions/A/ImageIO
0x000000000fbcc000 	/System/Library/PrivateFrameworks/Backup.framework/Versions/A/Backup
0x000000000fbcc000 	/usr/lib/libarchive.2.dylib
0x000000000fbcc000 	/System/Library/Frameworks/CFNetwork.framework/Versions/A/CFNetwork
0x000000000fbcc000 	/System/Library/Frameworks/SystemConfiguration.framework/Versions/A/SystemConfiguration
0x000000000fbcc000 	/usr/lib/libCRFSuite.dylib
0x000000000fbcc000 	/usr/lib/libc++.1.dylib
0x000000000fbcc000 	/usr/lib/libc++abi.dylib
0x000000000fbcc000 	/usr/lib/system/libcache.dylib
0x000000000fbcc000 	/usr/lib/system/libcommonCrypto.dylib
0x000000000fbcc000 	/usr/lib/system/libcompiler_rt.dylib
0x000000000fbcc000 	/usr/lib/system/libcopyfile.dylib
0x000000000fbcc000 	/usr/lib/system/libcorecrypto.dylib
0x000000000fbcc000 	/usr/lib/system/libdispatch.dylib
0x000000000fbcc000 	/usr/lib/system/libdyld.dylib
0x000000000fbcc000 	/usr/lib/system/libkeymgr.dylib
0x000000000fbcc000 	/usr/lib/system/liblaunch.dylib
0x000000000fbcc000 	/usr/lib/system/libmacho.dylib
0x000000000fbcc000 	/usr/lib/system/libquarantine.dylib
0x000000000fbcc000 	/usr/lib/system/libremovefile.dylib
0x000000000fbcc000 	/usr/lib/system/libsystem_asl.dylib
0x000000000fbcc000 	/usr/lib/system/libsystem_blocks.dylib
0x000000000fbcc000 	/usr/lib/system/libsystem_c.dylib
0x000000000fbcc000 	/usr/lib/system/libsystem_configuration.dylib
0x000000000fbcc000 	/usr/lib/system/libsystem_coreservices.dylib
0x000000000fbcc000 	/usr/lib/system/libsystem_darwin.dylib
0x000000000fbcc000 	/usr/lib/system/libsystem_dnssd.dylib
0x000000000fbcc000 	/usr/lib/system/libsystem_info.dylib
0x000000000fbcc000 	/usr/lib/system/libsystem_m.dylib
0x000000000fbcc000 	/usr/lib/system/libsystem_malloc.dylib
0x000000000fbcc000 	/usr/lib/system/libsystem_network.dylib
0x000000000fbcc000 	/usr/lib/system/libsystem_networkextension.dylib
0x000000000fbcc000 	/usr/lib/system/libsystem_notify.dylib
0x000000000fbcc000 	/usr/lib/system/libsystem_sandbox.dylib
0x000000000fbcc000 	/usr/lib/system/libsystem_secinit.dylib
0x000000000fbcc000 	/usr/lib/system/libsystem_kernel.dylib
0x000000000fbcc000 	/usr/lib/system/libsystem_platform.dylib
0x000000000fbcc000 	/usr/lib/system/libsystem_pthread.dylib
0x000000000fbcc000 	/usr/lib/system/libsystem_symptoms.dylib
0x000000000fbcc000 	/usr/lib/system/libsystem_trace.dylib
0x000000000fbcc000 	/usr/lib/system/libunwind.dylib
0x000000000fbcc000 	/usr/lib/system/libxpc.dylib
0x000000000fbcc000 	/usr/lib/closure/libclosured.dylib
0x000000000fbcc000 	/usr/lib/libbsm.0.dylib
0x000000000fbcc000 	/usr/lib/system/libkxld.dylib
0x000000000fbcc000 	/usr/lib/libOpenScriptingUtil.dylib
0x000000000fbcc000 	/usr/lib/libcoretls.dylib
0x000000000fbcc000 	/usr/lib/libcoretls_cfhelpers.dylib
0x000000000fbcc000 	/usr/lib/libpam.2.dylib
0x000000000fbcc000 	/usr/lib/libsqlite3.dylib
0x000000000fbcc000 	/usr/lib/libxar.1.dylib
0x000000000fbcc000 	/usr/lib/libbz2.1.0.dylib
0x000000000fbcc000 	/usr/lib/liblzma.5.dylib
0x000000000fbcc000 	/usr/lib/libnetwork.dylib
0x000000000fbcc000 	/usr/lib/libapple_nghttp2.dylib
0x000000000fbcc000 	/usr/lib/libpcap.A.dylib
0x000000000fbcc000 	/usr/lib/libboringssl.dylib
0x000000000fbcc000 	/usr/lib/libusrtcp.dylib
0x000000000fbcc000 	/usr/lib/libapple_crypto.dylib
0x000000000fbcc000 	/System/Library/Frameworks/CoreServices.framework/Versions/A/Frameworks/FSEvents.framework/Versions/A/FSEvents
0x000000000fbcc000 	/System/Library/Frameworks/CoreServices.framework/Versions/A/Frameworks/CarbonCore.framework/Versions/A/CarbonCore
0x000000000fbcc000 	/System/Library/Frameworks/CoreServices.framework/Versions/A/Frameworks/Metadata.framework/Versions/A/Metadata
0x000000000fbcc000 	/System/Library/Frameworks/CoreServices.framework/Versions/A/Frameworks/OSServices.framework/Versions/A/OSServices
0x000000000fbcc000 	/System/Library/Frameworks/CoreServices.framework/Versions/A/Frameworks/SearchKit.framework/Versions/A/SearchKit
0x000000000fbcc000 	/System/Library/Frameworks/CoreServices.framework/Versions/A/Frameworks/AE.framework/Versions/A/AE
0x000000000fbcc000 	/System/Library/Frameworks/CoreServices.framework/Versions/A/Frameworks/LaunchServices.framework/Versions/A/LaunchServices
0x000000000fbcc000 	/System/Library/Frameworks/CoreServices.framework/Versions/A/Frameworks/DictionaryServices.framework/Versions/A/DictionaryServices
0x000000000fbcc000 	/System/Library/Frameworks/CoreServices.framework/Versions/A/Frameworks/SharedFileList.framework/Versions/A/SharedFileList
0x000000000fbcc000 	/System/Library/Frameworks/NetFS.framework/Versions/A/NetFS
0x000000000fbcc000 	/System/Library/PrivateFrameworks/NetAuth.framework/Versions/A/NetAuth
0x000000000fbcc000 	/System/Library/PrivateFrameworks/login.framework/Versions/A/Frameworks/loginsupport.framework/Versions/A/loginsupport
0x000000000fbcc000 	/System/Library/PrivateFrameworks/TCC.framework/Versions/A/TCC
0x000000000fbcc000 	/usr/lib/libmecabra.dylib
0x000000000fbcc000 	/System/Library/Frameworks/ApplicationServices.framework/Versions/A/Frameworks/ATS.framework/Versions/A/ATS
0x000000000fbcc000 	/System/Library/Frameworks/ApplicationServices.framework/Versions/A/Frameworks/ColorSyncLegacy.framework/Versions/A/ColorSyncLegacy
0x000000000fbcc000 	/System/Library/Frameworks/ApplicationServices.framework/Versions/A/Frameworks/HIServices.framework/Versions/A/HIServices
0x000000000fbcc000 	/System/Library/Frameworks/ApplicationServices.framework/Versions/A/Frameworks/LangAnalysis.framework/Versions/A/LangAnalysis
0x000000000fbcc000 	/System/Library/Frameworks/ApplicationServices.framework/Versions/A/Frameworks/PrintCore.framework/Versions/A/PrintCore
0x000000000fbcc000 	/System/Library/Frameworks/ApplicationServices.framework/Versions/A/Frameworks/QD.framework/Versions/A/QD
0x000000000fbcc000 	/System/Library/Frameworks/ApplicationServices.framework/Versions/A/Frameworks/SpeechSynthesis.framework/Versions/A/SpeechSynthesis
0x000000000fbcc000 	/System/Library/Frameworks/CoreDisplay.framework/Versions/A/CoreDisplay
0x000000000fbcc000 	/System/Library/Frameworks/Accelerate.framework/Versions/A/Frameworks/vImage.framework/Versions/A/vImage
0x000000000fbcc000 	/System/Library/Frameworks/Accelerate.framework/Versions/A/Frameworks/vecLib.framework/Versions/A/vecLib
0x000000000fbcc000 	/System/Library/Frameworks/Accelerate.framework/Versions/A/Frameworks/vecLib.framework/Versions/A/libvDSP.dylib
0x000000000fbcc000 	/System/Library/Frameworks/Accelerate.framework/Versions/A/Frameworks/vecLib.framework/Versions/A/libBNNS.dylib
0x000000000fbcc000 	/System/Library/Frameworks/Accelerate.framework/Versions/A/Frameworks/vecLib.framework/Versions/A/libQuadrature.dylib
0x000000000fbcc000 	/System/Library/Frameworks/Accelerate.framework/Versions/A/Frameworks/vecLib.framework/Versions/A/libvMisc.dylib
0x000000000fbcc000 	/System/Library/Frameworks/Accelerate.framework/Versions/A/Frameworks/vecLib.framework/Versions/A/libLAPACK.dylib
0x000000000fbcc000 	/System/Library/Frameworks/Accelerate.framework/Versions/A/Frameworks/vecLib.framework/Versions/A/libBLAS.dylib
0x000000000fbcc000 	/System/Library/Frameworks/Accelerate.framework/Versions/A/Frameworks/vecLib.framework/Versions/A/libLinearAlgebra.dylib
0x000000000fbcc000 	/System/Library/Frameworks/Accelerate.framework/Versions/A/Frameworks/vecLib.framework/Versions/A/libSparse.dylib
0x000000000fbcc000 	/System/Library/Frameworks/Accelerate.framework/Versions/A/Frameworks/vecLib.framework/Versions/A/libSparseBLAS.dylib
0x000000000fbcc000 	/System/Library/PrivateFrameworks/IOAccelerator.framework/Versions/A/IOAccelerator
0x000000000fbcc000 	/System/Library/PrivateFrameworks/IOPresentment.framework/Versions/A/IOPresentment
0x000000000fbcc000 	/System/Library/PrivateFrameworks/DSExternalDisplay.framework/Versions/A/DSExternalDisplay
0x000000000fbcc000 	/System/Library/Frameworks/OpenGL.framework/Versions/A/Libraries/libCoreFSCache.dylib
0x000000000fbcc000 	/System/Library/Frameworks/CoreVideo.framework/Versions/A/CoreVideo
0x000000000fbcc000 	/System/Library/PrivateFrameworks/GraphVisualizer.framework/Versions/A/GraphVisualizer
0x000000000fbcc000 	/System/Library/Frameworks/MetalPerformanceShaders.framework/Versions/A/MetalPerformanceShaders
0x000000000fbcc000 	/usr/lib/libFosl_dynamic.dylib
0x000000000fbcc000 	/System/Library/PrivateFrameworks/FaceCore.framework/Versions/A/FaceCore
0x000000000fbcc000 	/System/Library/Frameworks/OpenCL.framework/Versions/A/OpenCL
0x000000000fbcc000 	/usr/lib/libcompression.dylib
0x000000000fbcc000 	/System/Library/Frameworks/ApplicationServices.framework/Versions/A/Frameworks/ATS.framework/Versions/A/Resources/libFontParser.dylib
0x000000000fbcc000 	/System/Library/Frameworks/ApplicationServices.framework/Versions/A/Frameworks/ATS.framework/Versions/A/Resources/libFontRegistry.dylib
0x000000000fbcc000 	/System/Library/Frameworks/ImageIO.framework/Versions/A/Resources/libJPEG.dylib
0x000000000fbcc000 	/System/Library/Frameworks/ImageIO.framework/Versions/A/Resources/libTIFF.dylib
0x000000000fbcc000 	/System/Library/Frameworks/ImageIO.framework/Versions/A/Resources/libPng.dylib
0x000000000fbcc000 	/System/Library/Frameworks/ImageIO.framework/Versions/A/Resources/libGIF.dylib
0x000000000fbcc000 	/System/Library/Frameworks/ImageIO.framework/Versions/A/Resources/libJP2.dylib
0x000000000fbcc000 	/System/Library/Frameworks/ImageIO.framework/Versions/A/Resources/libRadiance.dylib
0x000000000fbcc000 	/System/Library/PrivateFrameworks/AppleJPEG.framework/Versions/A/AppleJPEG
0x000000000fbcc000 	/System/Library/PrivateFrameworks/MetalTools.framework/Versions/A/MetalTools
0x000000000fbcc000 	/System/Library/Frameworks/MetalPerformanceShaders.framework/Frameworks/MPSCore.framework/Versions/A/MPSCore
0x000000000fbcc000 	/System/Library/Frameworks/MetalPerformanceShaders.framework/Frameworks/MPSImage.framework/Versions/A/MPSImage
0x000000000fbcc000 	/System/Library/Frameworks/MetalPerformanceShaders.framework/Frameworks/MPSMatrix.framework/Versions/A/MPSMatrix
0x000000000fbcc000 	/System/Library/Frameworks/MetalPerformanceShaders.framework/Frameworks/MPSNeuralNetwork.framework/Versions/A/MPSNeuralNetwork
0x000000000fbcc000 	/System/Library/Frameworks/OpenGL.framework/Versions/A/Libraries/libGLU.dylib
0x000000000fbcc000 	/System/Library/Frameworks/OpenGL.framework/Versions/A/Libraries/libGFXShared.dylib
0x000000000fbcc000 	/System/Library/Frameworks/OpenGL.framework/Versions/A/Libraries/libGL.dylib
0x000000000fbcc000 	/System/Library/Frameworks/OpenGL.framework/Versions/A/Libraries/libGLImage.dylib
0x000000000fbcc000 	/System/Library/Frameworks/OpenGL.framework/Versions/A/Libraries/libCVMSPluginSupport.dylib
0x000000000fbcc000 	/System/Library/Frameworks/OpenGL.framework/Versions/A/Libraries/libCoreVMClient.dylib
0x000000000fbcc000 	/usr/lib/libcups.2.dylib
0x000000000fbcc000 	/System/Library/Frameworks/Kerberos.framework/Versions/A/Kerberos
0x000000000fbcc000 	/System/Library/Frameworks/GSS.framework/Versions/A/GSS
0x000000000fbcc000 	/usr/lib/libresolv.9.dylib
0x000000000fbcc000 	/usr/lib/libiconv.2.dylib
0x000000000fbcc000 	/System/Library/PrivateFrameworks/Heimdal.framework/Versions/A/Heimdal
0x000000000fbcc000 	/usr/lib/libheimdal-asn1.dylib
0x000000000fbcc000 	/System/Library/Frameworks/OpenDirectory.framework/Versions/A/OpenDirectory
0x000000000fbcc000 	/System/Library/PrivateFrameworks/CommonAuth.framework/Versions/A/CommonAuth
0x000000000fbcc000 	/System/Library/Frameworks/OpenDirectory.framework/Versions/A/Frameworks/CFOpenDirectory.framework/Versions/A/CFOpenDirectory
0x000000000fbcc000 	/System/Library/Frameworks/SecurityFoundation.framework/Versions/A/SecurityFoundation
0x000000000fbcc000 	/System/Library/PrivateFrameworks/APFS.framework/Versions/A/APFS
0x000000000fbcc000 	/usr/lib/libutil.dylib
0x000000000fbcc000 	/System/Library/PrivateFrameworks/AppleSauce.framework/Versions/A/AppleSauce
0x000000000fbcc000 	/System/Library/PrivateFrameworks/LinguisticData.framework/Versions/A/LinguisticData
0x000000000fbcc000 	/usr/lib/libmarisa.dylib
0x000000000fbcc000 	/System/Library/PrivateFrameworks/Lexicon.framework/Versions/A/Lexicon
0x000000000fbcc000 	/usr/lib/libChineseTokenizer.dylib
0x000000000fbcc000 	/usr/lib/libcmph.dylib
0x000000000fbcc000 	/System/Library/PrivateFrameworks/LanguageModeling.framework/Versions/A/LanguageModeling
0x000000000fbcc000 	/System/Library/PrivateFrameworks/CoreEmoji.framework/Versions/A/CoreEmoji
0x000000000fbcc000 	/System/Library/Frameworks/ServiceManagement.framework/Versions/A/ServiceManagement
0x000000000fbcc000 	/System/Library/PrivateFrameworks/BackgroundTaskManagement.framework/Versions/A/BackgroundTaskManagement
0x000000000fbcc000 	/usr/lib/libxslt.1.dylib
0x000000000fbcc000 	/System/Library/Frameworks/Carbon.framework/Versions/A/Frameworks/Ink.framework/Versions/A/Ink
0x000000000fbcc000 	/System/Library/PrivateFrameworks/TextureIO.framework/Versions/A/TextureIO
0x000000000fbcc000 	/usr/lib/libate.dylib
0x000000000fbcc000 	/System/Library/PrivateFrameworks/CrashReporterSupport.framework/Versions/A/CrashReporterSupport
0x000000000fbcc000 	/System/Library/PrivateFrameworks/Sharing.framework/Versions/A/Sharing
0x000000000fbcc000 	/System/Library/PrivateFrameworks/IconServices.framework/Versions/A/IconServices
0x000000000fbcc000 	/System/Library/PrivateFrameworks/ProtocolBuffer.framework/Versions/A/ProtocolBuffer
0x000000000fbcc000 	/System/Library/PrivateFrameworks/Apple80211.framework/Versions/A/Apple80211
0x000000000fbcc000 	/System/Library/Frameworks/CoreWLAN.framework/Versions/A/CoreWLAN
0x000000000fbcc000 	/System/Library/PrivateFrameworks/CoreUtils.framework/Versions/A/CoreUtils
0x000000000fbcc000 	/System/Library/Frameworks/IOBluetooth.framework/Versions/A/IOBluetooth
0x000000000fbcc000 	/System/Library/PrivateFrameworks/CoreWiFi.framework/Versions/A/CoreWiFi
0x000000000fbcc000 	/System/Library/Frameworks/CoreBluetooth.framework/Versions/A/CoreBluetooth
0x000000000fbcc000 	/System/Library/PrivateFrameworks/SignpostNotification.framework/Versions/A/SignpostNotification
0x000000000fbcc000 	/System/Library/PrivateFrameworks/DebugSymbols.framework/Versions/A/DebugSymbols
0x000000000fbcc000 	/System/Library/PrivateFrameworks/CoreSymbolication.framework/Versions/A/CoreSymbolication
0x000000000fbcc000 	/System/Library/PrivateFrameworks/Symbolication.framework/Versions/A/Symbolication
0x000000000fbcc000 	/System/Library/PrivateFrameworks/AppleFSCompression.framework/Versions/A/AppleFSCompression
0x000000000fbcc000 	/System/Library/PrivateFrameworks/SpeechRecognitionCore.framework/Versions/A/SpeechRecognitionCore
0x000000000fbcc000 	/System/Library/CoreServices/Encodings/libSimplifiedChineseConverter.dylib
0x0000000109600000 	/Library/Java/JavaVirtualMachines/jdk1.8.0_121.jdk/Contents/Home/jre/lib/server/libjvm.dylib
0x000000000fbcc000 	/usr/lib/libstdc++.6.0.9.dylib
0x0000000108d30000 	/Library/Java/JavaVirtualMachines/jdk1.8.0_121.jdk/Contents/Home/jre/lib/libverify.dylib
0x0000000108d3e000 	/Library/Java/JavaVirtualMachines/jdk1.8.0_121.jdk/Contents/Home/jre/lib/libjava.dylib
0x0000000108d74000 	/Library/Java/JavaVirtualMachines/jdk1.8.0_121.jdk/Contents/Home/jre/lib/libinstrument.dylib
0x0000000108dd2000 	/Library/Java/JavaVirtualMachines/jdk1.8.0_121.jdk/Contents/Home/jre/lib/libzip.dylib
0x000000000fbcc000 	/System/Library/Frameworks/JavaVM.framework/Versions/A/Frameworks/JavaRuntimeSupport.framework/Versions/A/JavaRuntimeSupport
0x000000000fbcc000 	/System/Library/Frameworks/JavaVM.framework/Versions/A/Frameworks/JavaNativeFoundation.framework/Versions/A/JavaNativeFoundation
0x000000000fbcc000 	/System/Library/Frameworks/JavaVM.framework/Versions/A/JavaVM
0x000000000fbcc000 	/System/Library/Frameworks/Carbon.framework/Versions/A/Carbon
0x000000000fbcc000 	/System/Library/PrivateFrameworks/JavaLaunching.framework/Versions/A/JavaLaunching
0x000000000fbcc000 	/System/Library/Frameworks/Carbon.framework/Versions/A/Frameworks/CommonPanels.framework/Versions/A/CommonPanels
0x000000000fbcc000 	/System/Library/Frameworks/Carbon.framework/Versions/A/Frameworks/Help.framework/Versions/A/Help
0x000000000fbcc000 	/System/Library/Frameworks/Carbon.framework/Versions/A/Frameworks/ImageCapture.framework/Versions/A/ImageCapture
0x000000000fbcc000 	/System/Library/Frameworks/Carbon.framework/Versions/A/Frameworks/OpenScripting.framework/Versions/A/OpenScripting
0x000000000fbcc000 	/System/Library/Frameworks/Carbon.framework/Versions/A/Frameworks/Print.framework/Versions/A/Print
0x000000000fbcc000 	/System/Library/Frameworks/Carbon.framework/Versions/A/Frameworks/SecurityHI.framework/Versions/A/SecurityHI
0x000000010db2d000 	/Library/Java/JavaVirtualMachines/jdk1.8.0_121.jdk/Contents/Home/jre/lib/libnet.dylib
0x000000010dc27000 	/Library/Java/JavaVirtualMachines/jdk1.8.0_121.jdk/Contents/Home/jre/lib/libawt.dylib
0x000000010dccf000 	/Library/Java/JavaVirtualMachines/jdk1.8.0_121.jdk/Contents/Home/jre/lib/./libmlib_image.dylib
0x000000010dd9b000 	/Library/Java/JavaVirtualMachines/jdk1.8.0_121.jdk/Contents/Home/jre/lib/libawt_lwawt.dylib
0x000000010de52000 	/Library/Java/JavaVirtualMachines/jdk1.8.0_121.jdk/Contents/Home/jre/lib/./libosxapp.dylib
0x000000000fbcc000 	/System/Library/Frameworks/ExceptionHandling.framework/Versions/A/ExceptionHandling
0x000000000fbcc000 	/System/Library/PrivateFrameworks/CoreServicesInternal.framework/Versions/A/CoreServicesInternal
0x000000000fbcc000 	/System/Library/CoreServices/RawCamera.bundle/Contents/MacOS/RawCamera
0x000000000fbcc000 	/System/Library/PrivateFrameworks/MobileAsset.framework/Versions/A/MobileAsset
0x000000000fbcc000 	/System/Library/PrivateFrameworks/StreamingZip.framework/Versions/A/StreamingZip
0x000000000fbcc000 	/System/Library/Frameworks/MediaToolbox.framework/Versions/A/MediaToolbox
0x000000000fbcc000 	/System/Library/PrivateFrameworks/CoreAVCHD.framework/Versions/A/CoreAVCHD
0x000000000fbcc000 	/System/Library/Frameworks/MediaAccessibility.framework/Versions/A/MediaAccessibility
0x000000000fbcc000 	/System/Library/PrivateFrameworks/Mangrove.framework/Versions/A/Mangrove
0x000000000fbcc000 	/System/Library/Frameworks/CoreMedia.framework/Versions/A/CoreMedia
0x000000000fbcc000 	/System/Library/Frameworks/VideoToolbox.framework/Versions/A/VideoToolbox
0x000000000fbcc000 	/System/Library/PrivateFrameworks/CoreAUC.framework/Versions/A/CoreAUC
0x000000000fbcc000 	/usr/lib/libspindump.dylib
0x000000000fbcc000 	/usr/lib/libdscsym.dylib
0x000000000fbcc000 	/System/Library/PrivateFrameworks/AppleVA.framework/Versions/A/AppleVA
0x000000000fbcc000 	/System/Library/Frameworks/Accelerate.framework/Versions/A/Frameworks/vImage.framework/Versions/A/Libraries/libCGInterfaces.dylib
0x000000000fbcc000 	/System/Library/Frameworks/ApplicationServices.framework/Versions/A/Frameworks/ATS.framework/Versions/A/Resources/libTrueTypeScaler.dylib
0x000000000fbcc000 	/System/Library/Frameworks/OpenGL.framework/Versions/A/Resources/GLEngine.bundle/GLEngine
0x000000000fbcc000 	/System/Library/Frameworks/OpenGL.framework/Versions/A/Libraries/libGLProgrammability.dylib
0x000000012893e000 	/System/Library/Extensions/AppleIntelSKLGraphicsGLDriver.bundle/Contents/MacOS/AppleIntelSKLGraphicsGLDriver
0x000000000fbcc000 	/System/Library/PrivateFrameworks/GPUSupport.framework/Versions/A/Libraries/libGPUSupportMercury.dylib
0x000000000fbcc000 	/System/Library/Frameworks/OpenGL.framework/Versions/A/Resources/GLRendererFloat.bundle/GLRendererFloat
0x000000000fbcc000 	/System/Library/Frameworks/OpenCL.framework/Versions/A/Libraries/libcldcpuengine.dylib
0x000000000fbcc000 	/usr/lib/libcrypto.35.dylib
0x000000000fbcc000 	/System/Library/PrivateFrameworks/TrustEvaluationAgent.framework/Versions/A/TrustEvaluationAgent
0x000000000fbcc000 	/System/Library/Extensions/AppleIntelSKLGraphicsMTLDriver.bundle/Contents/MacOS/AppleIntelSKLGraphicsMTLDriver
0x000000000fbcc000 	/System/Library/PrivateFrameworks/GPUCompiler.framework/Versions/3802/Libraries/libmetal_timestamp.dylib
0x000000000fbcc000 	/System/Library/PrivateFrameworks/FamilyControls.framework/Versions/A/FamilyControls
0x000000000fbcc000 	/System/Library/PrivateFrameworks/CommerceKit.framework/Versions/A/Frameworks/CommerceCore.framework/Versions/A/CommerceCore
0x000000000fbcc000 	/System/Library/PrivateFrameworks/SystemAdministration.framework/Versions/A/SystemAdministration
0x000000000fbcc000 	/System/Library/PrivateFrameworks/AppContainer.framework/Versions/A/AppContainer
0x000000000fbcc000 	/System/Library/PrivateFrameworks/SecCodeWrapper.framework/Versions/A/SecCodeWrapper
0x000000000fbcc000 	/System/Library/PrivateFrameworks/DiskManagement.framework/Versions/A/DiskManagement
0x000000000fbcc000 	/System/Library/Frameworks/DirectoryService.framework/Versions/A/DirectoryService
0x000000000fbcc000 	/System/Library/PrivateFrameworks/DiskImages.framework/Versions/A/DiskImages
0x000000000fbcc000 	/System/Library/PrivateFrameworks/LoginUIKit.framework/Versions/A/Frameworks/LoginUICore.framework/Versions/A/LoginUICore
0x000000000fbcc000 	/usr/lib/libCoreStorage.dylib
0x000000000fbcc000 	/usr/lib/libcsfde.dylib
0x000000000fbcc000 	/usr/lib/libodfde.dylib
0x000000000fbcc000 	/System/Library/PrivateFrameworks/MediaKit.framework/Versions/A/MediaKit
0x000000000fbcc000 	/System/Library/Frameworks/DiscRecording.framework/Versions/A/DiscRecording
0x000000000fbcc000 	/System/Library/PrivateFrameworks/EFILogin.framework/Versions/A/EFILogin
0x000000000fbcc000 	/System/Library/PrivateFrameworks/ProtectedCloudStorage.framework/Versions/A/ProtectedCloudStorage
0x000000000fbcc000 	/usr/lib/libcurl.4.dylib
0x000000000fbcc000 	/usr/lib/libssl.35.dylib
0x000000000fbcc000 	/System/Library/Frameworks/LDAP.framework/Versions/A/LDAP
0x000000000fbcc000 	/usr/lib/libsasl2.2.dylib
0x000000000fbcc000 	/System/Library/PrivateFrameworks/CoreDaemon.framework/Versions/B/CoreDaemon
0x000000000fbcc000 	/System/Library/PrivateFrameworks/AppleSRP.framework/Versions/A/AppleSRP
0x000000012b350000 	/Library/Java/JavaVirtualMachines/jdk1.8.0_121.jdk/Contents/Home/jre/lib/libfontmanager.dylib
0x000000012b3b7000 	/Library/Java/JavaVirtualMachines/jdk1.8.0_121.jdk/Contents/Home/jre/lib/libosxui.dylib
0x000000000fbcc000 	/System/Library/PrivateFrameworks/ViewBridge.framework/Versions/A/ViewBridge
0x000000012bf7d000 	/Library/Java/JavaVirtualMachines/jdk1.8.0_121.jdk/Contents/Home/jre/lib/libprism_es2.dylib
0x000000012c571000 	/Library/Java/JavaVirtualMachines/jdk1.8.0_121.jdk/Contents/Home/jre/lib/libglass.dylib
0x000000012d035000 	/Library/Java/JavaVirtualMachines/jdk1.8.0_121.jdk/Contents/Home/jre/lib/libjavafx_font.dylib
0x000000012d265000 	/Library/Java/JavaVirtualMachines/jdk1.8.0_121.jdk/Contents/Home/jre/lib/libjfxwebkit.dylib
0x000000012eda1000 	/Library/Java/JavaVirtualMachines/jdk1.8.0_121.jdk/Contents/Home/jre/lib/libnio.dylib
0x000000013180d000 	/Library/Java/JavaVirtualMachines/jdk1.8.0_121.jdk/Contents/Home/jre/lib/libprism_common.dylib
0x0000000129d5f000 	/Library/Java/JavaVirtualMachines/jdk1.8.0_121.jdk/Contents/Home/jre/lib/libsunec.dylib
0x000000013eb1e000 	/Library/Java/JavaVirtualMachines/jdk1.8.0_121.jdk/Contents/Home/jre/lib/libjavafx_iio.dylib
0x0000000130e29000 	/Library/Java/JavaVirtualMachines/jdk1.8.0_121.jdk/Contents/Home/jre/lib/libglib-lite.dylib
0x0000000140418000 	/Library/Java/JavaVirtualMachines/jdk1.8.0_121.jdk/Contents/Home/jre/lib/libgstreamer-lite.dylib
0x0000000130f4a000 	/Library/Java/JavaVirtualMachines/jdk1.8.0_121.jdk/Contents/Home/jre/lib/libjfxmedia.dylib
0x0000000130f85000 	/Library/Java/JavaVirtualMachines/jdk1.8.0_121.jdk/Contents/Home/jre/lib/libjfxmedia_avf.dylib
0x000000000fbcc000 	/System/Library/Frameworks/AVFoundation.framework/Versions/A/AVFoundation
0x000000000fbcc000 	/System/Library/Frameworks/AVFoundation.framework/Versions/A/Frameworks/AVFAudio.framework/Versions/A/AVFAudio
0x000000000fbcc000 	/System/Library/PrivateFrameworks/IntlPreferences.framework/Versions/A/IntlPreferences
0x000000000fbcc000 	/System/Library/Frameworks/CoreMediaIO.framework/Versions/A/CoreMediaIO
0x000000000fbcc000 	/System/Library/PrivateFrameworks/RemoteServiceDiscovery.framework/Versions/A/RemoteServiceDiscovery
0x000000000fbcc000 	/System/Library/PrivateFrameworks/RemoteXPC.framework/Versions/A/RemoteXPC
0x000000000fbcc000 	/System/Library/PrivateFrameworks/InternationalSupport.framework/Versions/A/InternationalSupport
0x0000000130fba000 	/Library/Java/JavaVirtualMachines/jdk1.8.0_121.jdk/Contents/Home/jre/lib/libjfxmedia_qtkit.dylib
0x000000000fbcc000 	/System/Library/Frameworks/QTKit.framework/Versions/A/QTKit
0x000000000fbcc000 	/System/Library/PrivateFrameworks/CoreMediaAuthoring.framework/Versions/A/CoreMediaAuthoring
0x000000000fbcc000 	/System/Library/PrivateFrameworks/login.framework/Versions/A/login
0x00000001287b4000 	/Library/Java/JavaVirtualMachines/jdk1.8.0_121.jdk/Contents/Home/jre/lib/libfxplugins.dylib
0x000000000fbcc000 	/System/Library/Frameworks/VideoDecodeAcceleration.framework/Versions/A/VideoDecodeAcceleration
0x000000012829b000 	/System/Library/Extensions/AppleHDA.kext/Contents/PlugIns/AppleHDAHALPlugIn.bundle/Contents/MacOS/AppleHDAHALPlugIn
0x0000000136243000 	/System/Library/Components/CoreAudio.component/Contents/MacOS/CoreAudio
0x000000000fbcc000 	/System/Library/PrivateFrameworks/AppleGVA.framework/Versions/A/AppleGVA
0x0000000142400000 	/System/Library/Components/AudioCodecs.component/Contents/MacOS/AudioCodecs
0x000000000fbcc000 	/System/Library/PrivateFrameworks/RTCReporting.framework/Versions/A/RTCReporting
0x000000000fbcc000 	/System/Library/PrivateFrameworks/WirelessDiagnostics.framework/Versions/A/WirelessDiagnostics
0x000000000fbcc000 	/System/Library/PrivateFrameworks/WirelessDiagnostics.framework/Versions/A/Libraries/libAWDSupportFramework.dylib
0x000000000fbcc000 	/System/Library/PrivateFrameworks/WirelessDiagnostics.framework/Versions/A/Libraries/libprotobuf-lite.dylib
0x000000000fbcc000 	/System/Library/PrivateFrameworks/CoreAnalytics.framework/Versions/A/CoreAnalytics
0x000000000fbcc000 	/usr/lib/libTelephonyUtilDynamic.dylib
0x000000000fbcc000 	/System/Library/PrivateFrameworks/WirelessDiagnostics.framework/Versions/A/Libraries/libprotobuf.dylib
0x000000000fbcc000 	/usr/lib/libsystemstats.dylib

VM Arguments:
jvm_args: -Dvisualvm.id=1349900521142 -javaagent:/Applications/IntelliJ IDEA.app/Contents/lib/idea_rt.jar=53556:/Applications/IntelliJ IDEA.app/Contents/bin -Dfile.encoding=UTF-8 
java_command: Demo1
java_class_path (initial): /Library/Java/JavaVirtualMachines/jdk1.8.0_121.jdk/Contents/Home/jre/lib/charsets.jar:/Library/Java/JavaVirtualMachines/jdk1.8.0_121.jdk/Contents/Home/jre/lib/deploy.jar:/Library/Java/JavaVirtualMachines/jdk1.8.0_121.jdk/Contents/Home/jre/lib/ext/cldrdata.jar:/Library/Java/JavaVirtualMachines/jdk1.8.0_121.jdk/Contents/Home/jre/lib/ext/dnsns.jar:/Library/Java/JavaVirtualMachines/jdk1.8.0_121.jdk/Contents/Home/jre/lib/ext/jaccess.jar:/Library/Java/JavaVirtualMachines/jdk1.8.0_121.jdk/Contents/Home/jre/lib/ext/jfxrt.jar:/Library/Java/JavaVirtualMachines/jdk1.8.0_121.jdk/Contents/Home/jre/lib/ext/localedata.jar:/Library/Java/JavaVirtualMachines/jdk1.8.0_121.jdk/Contents/Home/jre/lib/ext/nashorn.jar:/Library/Java/JavaVirtualMachines/jdk1.8.0_121.jdk/Contents/Home/jre/lib/ext/sunec.jar:/Library/Java/JavaVirtualMachines/jdk1.8.0_121.jdk/Contents/Home/jre/lib/ext/sunjce_provider.jar:/Library/Java/JavaVirtualMachines/jdk1.8.0_121.jdk/Contents/Home/jre/lib/ext/sunpkcs11.jar:/Library/Java/JavaVirtualMachines/jdk1.8.0_121.jdk/Contents/Home/jre/lib/ext/zipfs.jar:/Library/Java/JavaVirtualMachines/jdk1.8.0_121.jdk/Contents/Home/jre/lib/javaws.jar:/Library/Java/JavaVirtualMachines/jdk1.8.0_121.jdk/Contents/Home/jre/lib/jce.jar:/Library/Java/JavaVirtualMachines/jdk1.8.0_121.jdk/Contents/Home/jre/lib/jfr.jar:/Library/Java/JavaVirtualMachines/jdk1.8.0_121.jdk/Contents/Home/jre/lib/jfxswt.jar:/Library/Java/JavaVirtualMachines/jdk1.8.0_121.jdk/Contents/Home/jre/lib/jsse.jar:/Library/Java/JavaVirtualMachines/jdk1.8.0_121.jdk/Contents/Home/jre/lib/management-agent.jar:/Library/Java/JavaVirtualMachines/jdk1.8.0_121.jdk/Contents/Home/jre/lib/plugin.jar:/Library/Java/JavaVirtualMachines/jdk1.8.0_121.jdk/Contents/Home/jre/lib/resources.jar:/Library/Java/JavaVirtualMachines/jdk1.8.0_121.jdk/Contents/Home/jre/lib/rt.jar:/Library/Java/JavaVirtualMachines/jdk1.8.0_121.jdk/Contents/Home/lib/ant-javafx.jar:/Library/Java/JavaVirtualMachines/jdk1.8.0_121.jdk/Contents/Home
Launcher Type: SUN_STANDARD

Environment Variables:
PATH=/usr/local/bin:/usr/bin:/bin:/usr/sbin:/sbin
SHELL=/bin/zsh

Signal Handlers:
SIGSEGV: [libjvm.dylib+0x5b1141], sa_mask[0]=11111111011111110111111111111111, sa_flags=SA_ONSTACK|SA_RESTART|SA_SIGINFO
SIGBUS: [libjvm.dylib+0x5b1141], sa_mask[0]=11111111011111110111111111111111, sa_flags=SA_RESTART|SA_SIGINFO
SIGFPE: [libjvm.dylib+0x487bc4], sa_mask[0]=11111111011111110111111111111111, sa_flags=SA_RESTART|SA_SIGINFO
SIGPIPE: [libjvm.dylib+0x487bc4], sa_mask[0]=11111111011111110111111111111111, sa_flags=SA_RESTART|SA_SIGINFO
SIGXFSZ: [libjvm.dylib+0x487bc4], sa_mask[0]=11111111011111110111111111111111, sa_flags=SA_RESTART|SA_SIGINFO
SIGILL: [libjvm.dylib+0x487bc4], sa_mask[0]=11111111011111110111111111111111, sa_flags=SA_RESTART|SA_SIGINFO
SIGUSR1: SIG_DFL, sa_mask[0]=00000000000000000000000000000000, sa_flags=none
SIGUSR2: [libjvm.dylib+0x4876e2], sa_mask[0]=00100000000000000000000000000000, sa_flags=SA_RESTART|SA_SIGINFO
SIGHUP: [libjvm.dylib+0x485cb9], sa_mask[0]=11111111011111110111111111111111, sa_flags=SA_RESTART|SA_SIGINFO
SIGINT: [libjvm.dylib+0x485cb9], sa_mask[0]=11111111011111110111111111111111, sa_flags=SA_RESTART|SA_SIGINFO
SIGTERM: [libjvm.dylib+0x485cb9], sa_mask[0]=11111111011111110111111111111111, sa_flags=SA_RESTART|SA_SIGINFO
SIGQUIT: 